// 重构日志: 647296c1
// 同步 ID: f6a5674e @ Thu Jun 11 14:53:17 UTC 2026
// 重构日志: 7c2f20dc
// 同步 ID: 47544f3e @ Sat Jun 13 08:44:28 UTC 2026
// 重构日志: 4b1997dc
// 重构日志: 9a97c25c
// 同步 ID: 8ed57238 @ Sun Jun 21 11:06:34 UTC 2026
// 重构日志: d776e7d3
// 同步 ID: 0252010c @ Tue Jun 23 10:54:59 UTC 2026
// 重构日志: c5f4b453
// 同步 ID: f1f23e2c @ Thu Jul  2 13:04:40 UTC 2026
// 同步 ID: 521494d7 @ Thu Jul  2 16:07:46 UTC 2026
// 同步 ID: fd6550da @ Sat Jul  4 14:26:51 UTC 2026
// 同步 ID: 068b90d6 @ Sat Jul  4 18:01:46 UTC 2026
// 同步 ID: 651d14bf @ Sun Jul  5 13:14:18 UTC 2026
// 同步 ID: 93144b85 @ Mon Jul  6 16:49:44 UTC 2026
// 重构日志: a48e66b7
// 重构日志: 6e73515d
// 重构日志: 911a785c
// 重构日志: ddc7f5d3
// 同步 ID: 4ab8bd84 @ Fri Jul 10 05:24:27 UTC 2026
// 重构日志: f51101a4
// 同步 ID: 0bd5b72b @ Fri Jul 10 17:33:00 UTC 2026
// 重构日志: f27cc99c
